<?xml version="1.0" encoding="UTF-8"?>
<!-- Generated by org.testng.reporters.JUnitXMLReporter -->
<testsuite ignored="0" hostname="dell-PC" failures="0" tests="11" name="Ecommerce App Test" time="456.786" errors="0" timestamp="2021-04-08T13:05:58 IST">
  <testcase classname="com.MyStore.TestCases.TC_UserRegistration_001" name="CreateAnAcount" time="25.145"/>
  <testcase classname="com.MyStore.TestCases.TC_EmailValidation_002" name="emailvalidation" time="19.063"/>
  <testcase classname="com.MyStore.TestCases.TC_MyStoreLoginTest_003" name="logintest" time="5.35"/>
  <testcase classname="com.MyStore.TestCases.TC_Mystore_LoginDDT_004" name="LoginDDT" time="10.007"/>
  <testcase classname="com.MyStore.TestCases.TC_Mystore_LoginDDT_004" name="LoginDDT" time="22.281"/>
  <testcase classname="com.MyStore.TestCases.TC_Mystore_LoginDDT_004" name="LoginDDT" time="7.707"/>
  <testcase classname="com.MyStore.TestCases.TC_MyStore_BuyProduct_005" name="BuyProduct" time="64.939"/>
  <testcase classname="com.MyStore.TestCases.TC_MyStore_SearchProduct_006" name="SearchProduct" time="12.62"/>
  <testcase classname="com.MyStore.TestCases.TC_MyStore_AddToWishlistVerification_007" name="addtowishlistverification" time="7.081"/>
  <testcase classname="com.MyStore.TestCases.TC_MyStore_PriceUpdateVerification_008" name="priceupdatecheck" time="38.641"/>
  <testcase classname="com.MyStore.TestCases.TC_MyStore_RemoveFromCart_009" name="Removeitemfromcart" time="30.455"/>
</testsuite> <!-- Ecommerce App Test -->
