<?xml version="1.0" encoding="UTF-8"?>
<!-- Generated by org.testng.reporters.JUnitXMLReporter -->
<testsuite ignored="0" hostname="dell-PC" failures="0" tests="11" name="Ecommerce App Test" time="306.332" errors="0" timestamp="2021-04-06T20:32:25 IST">
  <testcase classname="com.MyStore.TestCases.TC_UserRegistration_001" name="CreateAnAcount" time="16.693"/>
  <testcase classname="com.MyStore.TestCases.TC_EmailValidation_002" name="emailvalidation" time="8.888"/>
  <testcase classname="com.MyStore.TestCases.TC_MyStoreLoginTest_003" name="logintest" time="5.1"/>
  <testcase classname="com.MyStore.TestCases.TC_Mystore_LoginDDT_004" name="LoginDDT" time="11.193"/>
  <testcase classname="com.MyStore.TestCases.TC_Mystore_LoginDDT_004" name="LoginDDT" time="15.73"/>
  <testcase classname="com.MyStore.TestCases.TC_Mystore_LoginDDT_004" name="LoginDDT" time="8.338"/>
  <testcase classname="com.MyStore.TestCases.TC_MyStore_BuyProduct_005" name="BuyProduct" time="35.425"/>
  <testcase classname="com.MyStore.TestCases.TC_MyStore_SearchProduct_006" name="SearchProduct" time="13.165"/>
  <testcase classname="com.MyStore.TestCases.TC_MyStore_AddToWishlistVerification_007" name="addtowishlistverification" time="9.997"/>
  <testcase classname="com.MyStore.TestCases.TC_MyStore_PriceUpdateVerification_008" name="priceupdatecheck" time="29.402"/>
  <testcase classname="com.MyStore.TestCases.TC_MyStore_RemoveFromCart_009" name="Removeitemfromcart" time="20.331"/>
</testsuite> <!-- Ecommerce App Test -->
